Using pre-set license
Built from '2021.1/staging' branch; Version is '2021.1.5f1 (3737af19df53) revision 3618735'; Using compiler version '192528614'; Build Type 'Release'
OS: 'Windows 10 Education; OS build 19042.928; Version 2009; 64bit' Language: 'en' Physical Memory: 16335 MB
BatchMode: 1, IsHumanControllingUs: 0, StartBugReporterOnCrash: 0, Is64bit: 1, IsPro: 0

 COMMAND LINE ARGUMENTS:
C:\Program Files\Unity\Hub\Editor\2021.1.5f1\Editor\Unity.exe
-adb2
-batchMode
-noUpm
-name
AssetImportWorker0
-projectPath
C:/dev/room
-logFile
Logs/AssetImportWorker0.log
-srvPort
56243
Successfully changed project path to: C:/dev/room
C:/dev/room
Using Asset Import Pipeline V2.
Refreshing native plugins compatible for Editor in 60.51 ms, found 6 plugins.
Preloading 1 native plugins for Editor in 0.89 ms.
Initialize engine version: 2021.1.5f1 (3737af19df53)
[Subsystems] Discovering subsystems at path C:/Program Files/Unity/Hub/Editor/2021.1.5f1/Editor/Data/Resources/UnitySubsystems
[Subsystems] Discovering subsystems at path C:/dev/room/Assets
GfxDevice: creating device client; threaded=0; jobified=0
Direct3D:
    Version:  Direct3D 11.0 [level 11.1]
    Renderer: Radeon RX 580 Series (ID=0x67df)
    Vendor:   ATI
    VRAM:     8171 MB
    Driver:   27.20.14535.3005
Initialize mono
Mono path[0] = 'C:/Program Files/Unity/Hub/Editor/2021.1.5f1/Editor/Data/Managed'
Mono path[1] = 'C:/Program Files/Unity/Hub/Editor/2021.1.5f1/Editor/Data/MonoBleedingEdge/lib/mono/unityjit'
Mono config path = 'C:/Program Files/Unity/Hub/Editor/2021.1.5f1/Editor/Data/MonoBleedingEdge/etc'
Using monoOptions --debugger-agent=transport=dt_socket,embedding=1,server=y,suspend=n,address=127.0.0.1:56320
Begin MonoManager ReloadAssembly
Registering precompiled unity dll's ...
Register platform support module: C:/Program Files/Unity/Hub/Editor/2021.1.5f1/Editor/Data/PlaybackEngines/WindowsStandaloneSupport/UnityEditor.WindowsStandalone.Extensions.dll
Registered in 0.002284 seconds.
Native extension for WindowsStandalone target not found
Refreshing native plugins compatible for Editor in 47.60 ms, found 6 plugins.
Preloading 1 native plugins for Editor in 0.07 ms.
Mono: successfully reloaded assembly
- Completed reload, in  2.301 seconds
Platform modules already initialized, skipping
Registering precompiled user dll's ...
Registered in 0.003396 seconds.
Begin MonoManager ReloadAssembly
Native extension for WindowsStandalone target not found
Refreshing native plugins compatible for Editor in 0.70 ms, found 6 plugins.
Preloading 1 native plugins for Editor in 0.07 ms.
Mono: successfully reloaded assembly
- Completed reload, in  1.051 seconds
Platform modules already initialized, skipping
========================================================================
Worker process is ready to serve import requests
Launched and connected shader compiler UnityShaderCompiler.exe after 0.04 seconds
Refreshing native plugins compatible for Editor in 0.69 ms, found 6 plugins.
Preloading 1 native plugins for Editor in 0.07 ms.
Unloading 1846 Unused Serialized files (Serialized files now loaded: 0)
System memory in use before: 81.5 MB.
System memory in use after: 81.5 MB.

Unloading 58 unused Assets to reduce memory usage. Loaded Objects now: 2267.
Total: 5.725900 ms (FindLiveObjects: 0.165800 ms CreateObjectMapping: 0.044600 ms MarkObjects: 5.428100 ms  DeleteObjects: 0.086200 ms)

========================================================================
Received Import Request.
  path: Assets/VRCameraUI.prefab
  artifactKey: Guid(d382a367e7d385d49b2783fdbe3db33c) Importer(815301076,1909f56bfc062723c751e8b465ee728b)
Start importing Assets/VRCameraUI.prefab using Guid(d382a367e7d385d49b2783fdbe3db33c) Importer(815301076,1909f56bfc062723c751e8b465ee728b)  -> (artifact id: '34ae28a3d51384163ca3c864ea2ebff9') in 0.067926 seconds 
========================================================================
Received Import Request.
  Time since last request: 0.000164 seconds.
  path: Assets/MessageCanvas.prefab
  artifactKey: Guid(f2f7234687620f3489dda381954a368d) Importer(815301076,1909f56bfc062723c751e8b465ee728b)
Start importing Assets/MessageCanvas.prefab using Guid(f2f7234687620f3489dda381954a368d) Importer(815301076,1909f56bfc062723c751e8b465ee728b)  -> (artifact id: '8f30959630867fd307c605832598a7e8') in 0.011957 seconds 
========================================================================
Received Import Request.
  Time since last request: 4767.070594 seconds.
  path: Assets/GoogleVR
  artifactKey: Guid(284b659601d78514a81310cd5829aa01) Importer(815301076,1909f56bfc062723c751e8b465ee728b)
Start importing Assets/GoogleVR using Guid(284b659601d78514a81310cd5829aa01) Importer(815301076,1909f56bfc062723c751e8b465ee728b)  -> (artifact id: '1821e1126721289ebf5b043b46d55c4b') in 0.007371 seconds 
========================================================================
Received Import Request.
  Time since last request: 4.152237 seconds.
  path: Assets/room.unity
  artifactKey: Guid(1dc8944956eb2f843a1101cfabe4bf38) Importer(815301076,1909f56bfc062723c751e8b465ee728b)
Start importing Assets/room.unity using Guid(1dc8944956eb2f843a1101cfabe4bf38) Importer(815301076,1909f56bfc062723c751e8b465ee728b)  -> (artifact id: '1fc1c5b985df35ce834f7a9ac933f9cd') in 0.007441 seconds 
========================================================================
Received Import Request.
  Time since last request: 63.922605 seconds.
  path: Assets/Prefabs/Player/Player.prefab
  artifactKey: Guid(9c8288c74b343d840afd4feec757aba2) Importer(815301076,1909f56bfc062723c751e8b465ee728b)
Start importing Assets/Prefabs/Player/Player.prefab using Guid(9c8288c74b343d840afd4feec757aba2) Importer(815301076,1909f56bfc062723c751e8b465ee728b)  -> (artifact id: '54292daf990e70416c3e03c8cdb0fe9c') in 0.010405 seconds 
========================================================================
Received Import Request.
  Time since last request: 211.851732 seconds.
  path: Assets/QuickOutline
  artifactKey: Guid(8f96867108ef068478e426bd8ce84bf7) Importer(815301076,1909f56bfc062723c751e8b465ee728b)
Start importing Assets/QuickOutline using Guid(8f96867108ef068478e426bd8ce84bf7) Importer(815301076,1909f56bfc062723c751e8b465ee728b)  -> (artifact id: 'c48d10fb4bb459e173385094a0bd9906') in 0.008436 seconds 
AssetImportWorkerClient::OnTransportError - code=2 error=End of file
