Using pre-set license
Built from '2021.1/staging' branch; Version is '2021.1.5f1 (3737af19df53) revision 3618735'; Using compiler version '192528614'; Build Type 'Release'
OS: 'Windows 10 Education; OS build 19042.928; Version 2009; 64bit' Language: 'en' Physical Memory: 16335 MB
BatchMode: 1, IsHumanControllingUs: 0, StartBugReporterOnCrash: 0, Is64bit: 1, IsPro: 0

 COMMAND LINE ARGUMENTS:
C:\Program Files\Unity\Hub\Editor\2021.1.5f1\Editor\Unity.exe
-adb2
-batchMode
-noUpm
-name
AssetImportWorker0
-projectPath
C:/dev/room
-logFile
Logs/AssetImportWorker0.log
-srvPort
57650
Successfully changed project path to: C:/dev/room
C:/dev/room
Using Asset Import Pipeline V2.
Refreshing native plugins compatible for Editor in 77.84 ms, found 3 plugins.
Preloading 0 native plugins for Editor in 0.00 ms.
Initialize engine version: 2021.1.5f1 (3737af19df53)
[Subsystems] Discovering subsystems at path C:/Program Files/Unity/Hub/Editor/2021.1.5f1/Editor/Data/Resources/UnitySubsystems
[Subsystems] Discovering subsystems at path C:/dev/room/Assets
GfxDevice: creating device client; threaded=0; jobified=0
Direct3D:
    Version:  Direct3D 11.0 [level 11.1]
    Renderer: Radeon RX 580 Series (ID=0x67df)
    Vendor:   ATI
    VRAM:     8171 MB
    Driver:   27.20.14535.3005
Initialize mono
Mono path[0] = 'C:/Program Files/Unity/Hub/Editor/2021.1.5f1/Editor/Data/Managed'
Mono path[1] = 'C:/Program Files/Unity/Hub/Editor/2021.1.5f1/Editor/Data/MonoBleedingEdge/lib/mono/unityjit'
Mono config path = 'C:/Program Files/Unity/Hub/Editor/2021.1.5f1/Editor/Data/MonoBleedingEdge/etc'
Using monoOptions --debugger-agent=transport=dt_socket,embedding=1,server=y,suspend=n,address=127.0.0.1:56636
Begin MonoManager ReloadAssembly
Registering precompiled unity dll's ...
Register platform support module: C:/Program Files/Unity/Hub/Editor/2021.1.5f1/Editor/Data/PlaybackEngines/WindowsStandaloneSupport/UnityEditor.WindowsStandalone.Extensions.dll
Registered in 0.002407 seconds.
Native extension for WindowsStandalone target not found
Refreshing native plugins compatible for Editor in 53.60 ms, found 3 plugins.
Preloading 0 native plugins for Editor in 0.00 ms.
Mono: successfully reloaded assembly
- Completed reload, in  1.915 seconds
Platform modules already initialized, skipping
Registering precompiled user dll's ...
Registered in 0.003594 seconds.
Begin MonoManager ReloadAssembly
Native extension for WindowsStandalone target not found
Refreshing native plugins compatible for Editor in 53.69 ms, found 3 plugins.
Preloading 0 native plugins for Editor in 0.00 ms.
Mono: successfully reloaded assembly
- Completed reload, in  1.204 seconds
Platform modules already initialized, skipping
========================================================================
Worker process is ready to serve import requests
Launched and connected shader compiler UnityShaderCompiler.exe after 0.04 seconds
Refreshing native plugins compatible for Editor in 0.74 ms, found 3 plugins.
Preloading 0 native plugins for Editor in 0.00 ms.
Unloading 2103 Unused Serialized files (Serialized files now loaded: 0)
System memory in use before: 90.4 MB.
System memory in use after: 90.5 MB.

Unloading 52 unused Assets to reduce memory usage. Loaded Objects now: 2536.
Total: 6.008700 ms (FindLiveObjects: 0.178700 ms CreateObjectMapping: 0.051100 ms MarkObjects: 5.703600 ms  DeleteObjects: 0.074200 ms)

========================================================================
Received Import Request.
  path: Assets/XR/Loaders
  artifactKey: Guid(21b5ff070dc56d34dab6908d74e515ad) Importer(815301076,1909f56bfc062723c751e8b465ee728b)
Start importing Assets/XR/Loaders using Guid(21b5ff070dc56d34dab6908d74e515ad) Importer(815301076,1909f56bfc062723c751e8b465ee728b)  -> (artifact id: '8c335ff88f5a62ef759129a9fd7ae1f2') in 0.010542 seconds 
========================================================================
Received Import Request.
  Time since last request: 0.000182 seconds.
  path: Assets/XR/Loaders/Oculus Loader.asset
  artifactKey: Guid(9f5adc1e30031fa4c813a41b3fa12e7e) Importer(815301076,1909f56bfc062723c751e8b465ee728b)
Start importing Assets/XR/Loaders/Oculus Loader.asset using Guid(9f5adc1e30031fa4c813a41b3fa12e7e) Importer(815301076,1909f56bfc062723c751e8b465ee728b)  -> (artifact id: 'b431c60e84afc8f5d950a3441bee4839') in 0.035699 seconds 
========================================================================
Received Import Request.
  Time since last request: 0.000149 seconds.
  path: Assets/XR
  artifactKey: Guid(5b6d71d6c049a4543ae7d5f77ae8da8c) Importer(815301076,1909f56bfc062723c751e8b465ee728b)
Start importing Assets/XR using Guid(5b6d71d6c049a4543ae7d5f77ae8da8c) Importer(815301076,1909f56bfc062723c751e8b465ee728b)  -> (artifact id: 'c13fca210d1f19179a5501bb7d02ea28') in 0.006379 seconds 
========================================================================
Received Import Request.
  Time since last request: 14.228116 seconds.
  path: Packages/com.unity.ext.nunit/package.json
  artifactKey: Guid(8143d3a8390f2c64685e3bc272bd9e90) Importer(815301076,1909f56bfc062723c751e8b465ee728b)
Start importing Packages/com.unity.ext.nunit/package.json using Guid(8143d3a8390f2c64685e3bc272bd9e90) Importer(815301076,1909f56bfc062723c751e8b465ee728b)  -> (artifact id: '36f449bd9ed4a92e06d659da724da745') in 0.011392 seconds 
========================================================================
Received Prepare
Registering precompiled user dll's ...
Registered in 0.003675 seconds.
Begin MonoManager ReloadAssembly
Native extension for WindowsStandalone target not found
Refreshing native plugins compatible for Editor in 0.82 ms, found 3 plugins.
Preloading 0 native plugins for Editor in 0.00 ms.
Mono: successfully reloaded assembly
- Completed reload, in  1.174 seconds
Platform modules already initialized, skipping
Switching build target platform(19) subTarget(0) extendedPlatform(0) -> platform(13) subTarget(524288) extendedPlatform(0)
Refreshing native plugins compatible for Editor in 0.81 ms, found 3 plugins.
Preloading 0 native plugins for Editor in 0.00 ms.
Unloading 2232 Unused Serialized files (Serialized files now loaded: 0)
System memory in use before: 93.5 MB.
System memory in use after: 93.5 MB.

Unloading 44 unused Assets to reduce memory usage. Loaded Objects now: 2693.
Total: 6.163000 ms (FindLiveObjects: 0.212400 ms CreateObjectMapping: 0.056700 ms MarkObjects: 5.761600 ms  DeleteObjects: 0.131400 ms)

AssetImportParameters requested are different than current active one (requested -> active):
  custom:graphics/normal-map-encoding: 01000000000000000000000000000000 -> 02000000000000000000000000000000
========================================================================
Received Prepare
Refreshing native plugins compatible for Editor in 11.14 ms, found 3 plugins.
Preloading 0 native plugins for Editor in 0.00 ms.
Unloading 41 Unused Serialized files (Serialized files now loaded: 0)
System memory in use before: 50.3 MB.
System memory in use after: 50.4 MB.

Unloading 41 unused Assets to reduce memory usage. Loaded Objects now: 2693.
Total: 6.155500 ms (FindLiveObjects: 0.208500 ms CreateObjectMapping: 0.057000 ms MarkObjects: 5.735700 ms  DeleteObjects: 0.153600 ms)

========================================================================
Received Import Request.
  Time since last request: 193.660039 seconds.
  path: Assets/BNG Framework/Scenes
  artifactKey: Guid(c4f35859e6089384cbcfbf21e2652484) Importer(815301076,1909f56bfc062723c751e8b465ee728b)
Start importing Assets/BNG Framework/Scenes using Guid(c4f35859e6089384cbcfbf21e2652484) Importer(815301076,1909f56bfc062723c751e8b465ee728b)  -> (artifact id: '8c4b7b874f6748be123c13fc32af015a') in 0.007294 seconds 
========================================================================
Received Import Request.
  Time since last request: 1.322544 seconds.
  path: Assets/BNG Framework/Scenes/Empty.unity
  artifactKey: Guid(c0900b4a1bfde9547aad7e2e5f2b45b8) Importer(815301076,1909f56bfc062723c751e8b465ee728b)
Start importing Assets/BNG Framework/Scenes/Empty.unity using Guid(c0900b4a1bfde9547aad7e2e5f2b45b8) Importer(815301076,1909f56bfc062723c751e8b465ee728b)  -> (artifact id: '77493f86661947795630b1bfb2f80ab0') in 0.012438 seconds 
========================================================================
Received Prepare
Registering precompiled user dll's ...
Registered in 0.007145 seconds.
Begin MonoManager ReloadAssembly
Native extension for WindowsStandalone target not found
Refreshing native plugins compatible for Editor in 1.05 ms, found 8 plugins.
Preloading 0 native plugins for Editor in 0.00 ms.
Mono: successfully reloaded assembly
- Completed reload, in  1.138 seconds
Platform modules already initialized, skipping
Switching build target platform(19) subTarget(0) extendedPlatform(0) -> platform(13) subTarget(524288) extendedPlatform(0)
Refreshing native plugins compatible for Editor in 1.00 ms, found 8 plugins.
Preloading 0 native plugins for Editor in 0.00 ms.
Unloading 2331 Unused Serialized files (Serialized files now loaded: 0)
System memory in use before: 100.8 MB.
System memory in use after: 100.6 MB.

Unloading 60 unused Assets to reduce memory usage. Loaded Objects now: 2783.
Total: 6.554900 ms (FindLiveObjects: 0.210900 ms CreateObjectMapping: 0.061900 ms MarkObjects: 6.131100 ms  DeleteObjects: 0.149600 ms)

AssetImportParameters requested are different than current active one (requested -> active):
  custom:graphics/normal-map-encoding: 01000000000000000000000000000000 -> 02000000000000000000000000000000
